[debug] [2026-01-19T17:34:53.775Z] ----------------------------------------------------------------------
[debug] [2026-01-19T17:34:53.777Z] Command:       C:\Program Files\nodejs\node.exe C:\Users\USER\AppData\Roaming\npm\node_modules\firebase-tools\lib\bin\firebase.js deploy --only hosting
[debug] [2026-01-19T17:34:53.777Z] CLI Version:   14.15.2
[debug] [2026-01-19T17:34:53.777Z] Platform:      win32
[debug] [2026-01-19T17:34:53.777Z] Node Version:  v22.19.0
[debug] [2026-01-19T17:34:53.778Z] Time:          Mon Jan 19 2026 12:34:53 GMT-0500 (hora estándar de Perú)
[debug] [2026-01-19T17:34:53.778Z] ----------------------------------------------------------------------
[debug] 
[debug] [2026-01-19T17:34:53.779Z] >>> [apiv2][query] GET https://firebase-public.firebaseio.com/cli.json [none]
[debug] [2026-01-19T17:34:53.956Z] > command requires scopes: ["email","openid","https://www.googleapis.com/auth/cloudplatformprojects.readonly","https://www.googleapis.com/auth/firebase","https://www.googleapis.com/auth/cloud-platform"]
[debug] [2026-01-19T17:34:53.956Z] > authorizing via signed-in user (domoticacliente2@gmail.com)
[debug] [2026-01-19T17:34:53.956Z] [iam] checking project sis-distribucion for permissions ["firebase.projects.get","firebasehosting.sites.update"]
[debug] [2026-01-19T17:34:53.957Z] Checked if tokens are valid: false, expires at: 1768676028270
[debug] [2026-01-19T17:34:53.957Z] Checked if tokens are valid: false, expires at: 1768676028270
[debug] [2026-01-19T17:34:53.957Z] > refreshing access token with scopes: []
[debug] [2026-01-19T17:34:53.958Z] >>> [apiv2][query] POST https://www.googleapis.com/oauth2/v3/token [none]
[debug] [2026-01-19T17:34:53.958Z] >>> [apiv2][body] POST https://www.googleapis.com/oauth2/v3/token [omitted]
[debug] [2026-01-19T17:34:54.115Z] <<< [apiv2][status] POST https://www.googleapis.com/oauth2/v3/token 200
[debug] [2026-01-19T17:34:54.115Z] <<< [apiv2][body] POST https://www.googleapis.com/oauth2/v3/token [omitted]
[debug] [2026-01-19T17:34:54.120Z] >>> [apiv2][query] POST https://cloudresourcemanager.googleapis.com/v1/projects/sis-distribucion:testIamPermissions [none]
[debug] [2026-01-19T17:34:54.120Z] >>> [apiv2][(partial)header] POST https://cloudresourcemanager.googleapis.com/v1/projects/sis-distribucion:testIamPermissions x-goog-quota-user=projects/sis-distribucion
[debug] [2026-01-19T17:34:54.120Z] >>> [apiv2][body] POST https://cloudresourcemanager.googleapis.com/v1/projects/sis-distribucion:testIamPermissions {"permissions":["firebase.projects.get","firebasehosting.sites.update"]}
[debug] [2026-01-19T17:34:54.398Z] <<< [apiv2][status] GET https://firebase-public.firebaseio.com/cli.json 200
[debug] [2026-01-19T17:34:54.398Z] <<< [apiv2][body] GET https://firebase-public.firebaseio.com/cli.json {"cloudBuildErrorAfter":1594252800000,"cloudBuildWarnAfter":1590019200000,"defaultNode10After":1594252800000,"minVersion":"3.0.5","node8DeploysDisabledAfter":1613390400000,"node8RuntimeDisabledAfter":1615809600000,"node8WarnAfter":1600128000000}
